TN:
SF:lib/controller/account_controller.dart
FNF:0
FNH:0
DA:30,1
DA:31,2
DA:32,1
DA:33,3
DA:34,1
DA:37,1
DA:38,5
DA:39,5
DA:42,5
DA:44,1
DA:45,5
DA:46,5
DA:47,4
DA:48,4
DA:49,9
DA:50,1
DA:51,2
DA:52,1
DA:56,0
DA:57,0
DA:60,0
DA:62,0
DA:65,0
DA:68,0
DA:69,0
DA:70,0
DA:74,1
DA:75,2
DA:78,1
DA:79,4
DA:80,1
DA:83,1
DA:84,2
DA:85,2
DA:88,0
DA:89,0
DA:90,0
DA:91,0
DA:92,0
DA:94,0
DA:98,0
LF:41
LH:26
end_of_record
TN:
SF:lib/controller/album_controller.dart
FNF:0
FNH:0
DA:8,6
DA:14,2
DA:15,4
DA:16,4
DA:17,2
DA:18,4
DA:19,10
DA:21,4
DA:22,2
DA:25,2
DA:26,4
DA:27,10
DA:28,6
DA:29,6
DA:32,2
DA:33,7
DA:35,5
DA:36,2
DA:38,7
DA:39,7
DA:40,3
DA:42,1
LF:22
LH:22
end_of_record
TN:
SF:lib/controller/comment_controller.dart
FNF:0
FNH:0
DA:8,3
DA:12,2
DA:13,4
DA:14,2
DA:15,6
DA:16,10
DA:18,4
LF:7
LH:7
end_of_record
TN:
SF:lib/controller/connection_controller.dart
FNF:0
FNH:0
DA:7,7
DA:13,3
DA:15,4
DA:17,4
DA:18,4
DA:20,20
DA:21,4
DA:22,8
DA:23,16
DA:27,1
DA:29,2
DA:30,2
DA:31,1
DA:34,4
DA:35,16
DA:36,16
LF:16
LH:16
end_of_record
TN:
SF:lib/controller/fetch_controller.dart
FNF:0
FNH:0
DA:8,8
DA:9,16
DA:12,8
DA:13,16
DA:16,8
DA:17,8
DA:18,8
DA:20,8
DA:21,16
DA:22,16
DA:24,0
DA:28,8
DA:31,8
LF:13
LH:12
end_of_record
TN:
SF:lib/controller/photo_controller.dart
FNF:0
FNH:0
DA:8,1
DA:12,1
DA:13,2
DA:14,1
DA:15,3
DA:16,5
DA:18,2
LF:7
LH:7
end_of_record
TN:
SF:lib/controller/post_controller.dart
FNF:0
FNH:0
DA:8,6
DA:14,2
DA:15,4
DA:16,4
DA:17,2
DA:18,4
DA:19,10
DA:21,4
DA:22,2
DA:25,2
DA:26,4
DA:27,10
DA:28,6
DA:29,6
DA:32,3
DA:33,9
DA:35,5
DA:36,2
DA:38,9
DA:39,9
DA:40,4
DA:42,1
LF:22
LH:22
end_of_record
TN:
SF:lib/model/account_model.dart
FNF:0
FNH:0
DA:8,3
LF:1
LH:1
end_of_record
TN:
SF:lib/model/album_model.dart
FNF:0
FNH:0
DA:6,4
DA:12,3
DA:13,3
DA:14,3
DA:15,3
DA:16,3
LF:6
LH:6
end_of_record
TN:
SF:lib/model/comment_model.dart
FNF:0
FNH:0
DA:8,4
DA:16,3
DA:17,3
DA:18,3
DA:19,3
DA:20,3
DA:21,3
DA:22,3
LF:8
LH:8
end_of_record
TN:
SF:lib/model/menu_model.dart
FNF:0
FNH:0
DA:12,2
LF:1
LH:1
end_of_record
TN:
SF:lib/model/photo_model.dart
FNF:0
FNH:0
DA:8,3
DA:16,2
DA:17,2
DA:18,2
DA:19,2
DA:20,2
DA:21,2
DA:22,2
LF:8
LH:8
end_of_record
TN:
SF:lib/model/post_model.dart
FNF:0
FNH:0
DA:7,5
DA:14,3
DA:15,3
DA:16,3
DA:17,3
DA:18,3
DA:19,3
LF:7
LH:7
end_of_record
TN:
SF:lib/provider/fetch_provider.dart
FNF:0
FNH:0
DA:7,5
DA:8,15
DA:11,2
DA:13,3
DA:15,2
DA:17,3
LF:6
LH:6
end_of_record
TN:
SF:lib/util/biometric_util.dart
FNF:0
FNH:0
DA:7,0
DA:9,0
DA:10,0
DA:15,0
DA:16,0
DA:17,0
DA:25,0
DA:26,0
DA:28,0
LF:9
LH:0
end_of_record
TN:
SF:lib/view/atom/button_atom.dart
FNF:0
FNH:0
DA:8,2
DA:25,5
DA:27,2
DA:28,1
DA:36,2
DA:38,2
DA:40,2
DA:42,2
DA:44,2
DA:46,1
DA:50,2
DA:55,2
DA:62,2
DA:73,1
DA:81,1
DA:93,1
DA:101,1
DA:103,1
DA:106,1
DA:108,1
DA:117,8
DA:124,1
DA:125,8
DA:128,1
DA:133,8
DA:142,9
DA:156,9
DA:162,9
DA:168,9
DA:170,9
DA:173,9
LF:31
LH:31
end_of_record
TN:
SF:lib/view/atom/divider_atom.dart
FNF:0
FNH:0
DA:6,25
DA:15,1
DA:17,1
DA:19,1
DA:20,1
LF:5
LH:5
end_of_record
TN:
SF:lib/view/atom/image_atom.dart
FNF:0
FNH:0
DA:18,2
DA:28,2
DA:30,2
DA:31,2
DA:32,2
DA:33,2
DA:35,2
DA:36,2
DA:37,8
DA:38,1
DA:39,1
DA:40,1
DA:41,1
DA:42,1
DA:43,2
DA:46,1
DA:47,1
DA:48,1
DA:52,0
DA:53,0
DA:54,0
DA:56,0
DA:57,0
DA:58,0
DA:59,0
DA:69,2
DA:70,4
DA:71,2
DA:72,2
DA:73,2
LF:30
LH:23
end_of_record
TN:
SF:lib/view/atom/language_atom.dart
FNF:0
FNH:0
DA:12,25
DA:14,1
DA:16,2
DA:17,1
DA:18,6
DA:19,1
DA:20,2
DA:21,1
DA:23,2
DA:24,1
DA:26,1
DA:27,1
DA:29,1
DA:32,2
DA:33,1
DA:35,1
LF:16
LH:16
end_of_record
TN:
SF:lib/view/atom/loading_atom.dart
FNF:0
FNH:0
DA:13,4
DA:21,4
DA:23,8
DA:25,8
DA:26,8
DA:40,8
DA:41,2
DA:42,4
DA:45,1
DA:46,1
DA:47,2
DA:48,1
DA:53,4
LF:13
LH:13
end_of_record
TN:
SF:lib/view/atom/scaffold_atom.dart
FNF:0
FNH:0
DA:21,2
DA:35,2
DA:37,2
DA:39,2
DA:40,1
DA:41,2
DA:46,2
DA:48,2
DA:49,2
DA:50,2
DA:51,2
DA:55,8
DA:58,2
DA:59,2
DA:61,2
DA:63,3
DA:67,6
DA:68,2
DA:69,2
DA:70,2
LF:20
LH:20
end_of_record
TN:
SF:lib/view/atom/scroll_expanded_atom.dart
FNF:0
FNH:0
DA:10,4
DA:19,4
DA:21,4
DA:22,8
DA:23,4
DA:24,4
DA:25,4
DA:26,8
DA:27,4
DA:28,3
DA:29,3
DA:30,6
DA:32,4
DA:33,4
DA:34,4
DA:35,8
LF:16
LH:16
end_of_record
TN:
SF:lib/view/atom/shadow_atom.dart
FNF:0
FNH:0
DA:6,3
DA:7,3
DA:8,1
DA:13,3
DA:14,3
DA:15,1
DA:20,24
DA:21,24
DA:22,8
LF:9
LH:9
end_of_record
TN:
SF:lib/view/atom/snackbar_atom.dart
FNF:0
FNH:0
DA:9,1
DA:14,2
DA:16,1
DA:18,1
DA:20,1
DA:22,1
DA:26,1
DA:28,1
DA:29,1
DA:34,1
DA:35,1
DA:42,1
DA:43,1
DA:50,1
DA:51,1
LF:15
LH:15
end_of_record
TN:
SF:lib/view/atom/switch_atom.dart
FNF:0
FNH:0
DA:9,2
DA:15,1
DA:17,1
DA:18,1
DA:19,1
DA:21,1
DA:22,1
DA:26,1
DA:27,1
LF:9
LH:9
end_of_record
TN:
SF:lib/view/atom/tab_atom.dart
FNF:0
FNH:0
DA:12,1
DA:19,1
DA:21,1
DA:22,1
DA:27,1
DA:28,1
DA:30,1
DA:32,1
DA:35,1
DA:43,2
DA:44,4
DA:45,2
DA:46,1
DA:47,1
DA:48,2
LF:15
LH:15
end_of_record
TN:
SF:lib/view/atom/text_field_atom.dart
FNF:0
FNH:0
DA:32,2
DA:57,1
DA:58,1
DA:74,1
DA:75,4
DA:76,1
DA:77,1
DA:78,2
DA:79,1
DA:80,1
DA:82,1
DA:83,2
DA:84,2
DA:86,1
DA:88,1
DA:89,2
DA:90,1
DA:99,1
DA:101,3
DA:102,1
DA:105,1
DA:107,1
DA:109,1
DA:110,4
DA:111,1
DA:112,2
DA:113,1
DA:115,2
DA:117,4
DA:118,1
DA:119,2
DA:120,1
DA:122,2
DA:124,1
DA:125,2
DA:126,2
DA:127,1
DA:128,3
DA:130,2
DA:131,2
DA:132,2
DA:133,4
DA:134,2
DA:135,2
DA:136,2
DA:137,2
DA:138,2
DA:139,1
DA:140,3
DA:142,1
DA:143,2
DA:144,1
DA:145,2
DA:146,1
DA:149,4
DA:150,2
DA:151,4
DA:153,3
DA:154,1
DA:157,2
DA:158,1
DA:159,2
DA:160,2
DA:165,2
DA:166,1
DA:167,1
DA:168,1
DA:169,2
DA:170,1
DA:176,1
DA:178,2
DA:180,1
DA:181,1
DA:182,1
DA:183,1
DA:184,1
DA:185,1
LF:77
LH:77
end_of_record
TN:
SF:lib/view/atom/text_style_atom.dart
FNF:0
FNH:0
DA:17,12
DA:18,16
DA:19,12
DA:21,24
DA:22,4
DA:23,28
DA:25,9
DA:26,12
DA:27,4
DA:29,3
DA:39,6
DA:40,8
DA:42,15
DA:43,4
DA:44,8
DA:46,12
DA:56,3
DA:58,9
DA:60,18
DA:62,9
DA:64,6
DA:65,4
DA:67,15
DA:69,9
LF:24
LH:24
end_of_record
TN:
SF:lib/view/molecule/album_list_molecule.dart
FNF:0
FNH:0
DA:15,49
DA:17,1
DA:19,1
DA:21,2
DA:23,1
DA:24,2
DA:25,2
DA:26,2
DA:28,1
DA:29,1
DA:30,1
DA:31,1
DA:33,1
DA:34,2
DA:35,1
DA:36,1
DA:37,1
DA:39,2
DA:41,1
DA:42,1
DA:43,1
DA:44,0
DA:45,1
DA:46,1
DA:49,1
DA:51,1
DA:52,1
DA:53,3
DA:55,1
DA:56,1
DA:57,1
DA:58,1
LF:32
LH:31
end_of_record
TN:
SF:lib/view/molecule/album_molecule.dart
FNF:0
FNH:0
DA:16,2
DA:18,2
DA:20,4
DA:22,4
DA:23,4
DA:25,2
DA:26,3
DA:27,2
DA:29,4
DA:30,2
DA:31,4
DA:32,2
DA:33,2
DA:34,2
DA:35,4
DA:36,2
DA:39,4
DA:40,2
DA:43,2
DA:44,4
LF:20
LH:20
end_of_record
TN:
SF:lib/view/molecule/comment_molecule.dart
FNF:0
FNH:0
DA:13,2
DA:15,2
DA:17,2
DA:18,2
DA:19,10
DA:21,4
DA:22,2
DA:23,4
DA:24,2
DA:26,2
DA:27,2
DA:28,2
DA:29,2
DA:31,2
DA:34,4
DA:35,2
DA:36,2
DA:37,4
DA:38,2
DA:45,4
DA:46,2
DA:47,4
DA:48,2
DA:50,4
DA:51,2
DA:52,2
DA:53,4
DA:54,2
LF:28
LH:28
end_of_record
TN:
SF:lib/view/molecule/empty_molecule.dart
FNF:0
FNH:0
DA:10,3
DA:17,3
DA:19,3
DA:21,3
DA:23,3
DA:24,3
DA:25,3
DA:26,3
DA:29,9
DA:30,6
DA:31,3
DA:32,3
DA:33,3
LF:13
LH:13
end_of_record
TN:
SF:lib/view/molecule/error_molecule.dart
FNF:0
FNH:0
DA:13,1
DA:19,1
DA:21,1
DA:23,1
DA:25,1
DA:27,1
DA:28,1
DA:30,1
DA:33,2
DA:34,1
DA:35,1
DA:36,1
DA:39,3
DA:40,2
DA:41,1
DA:42,1
DA:43,1
DA:47,2
DA:48,1
DA:49,1
DA:50,1
DA:51,1
LF:22
LH:22
end_of_record
TN:
SF:lib/view/molecule/photo_molecule.dart
FNF:0
FNH:0
DA:13,1
DA:15,1
DA:17,6
DA:19,1
DA:21,2
DA:22,1
DA:23,2
DA:24,1
DA:25,1
DA:26,1
DA:30,5
DA:31,2
DA:33,1
DA:34,1
DA:35,1
DA:36,2
DA:37,1
LF:17
LH:17
end_of_record
TN:
SF:lib/view/molecule/post_list_molecule.dart
FNF:0
FNH:0
DA:14,49
DA:16,1
DA:18,1
DA:20,2
DA:22,1
DA:23,2
DA:24,2
DA:25,2
DA:27,1
DA:28,1
DA:29,1
DA:30,1
DA:32,1
DA:33,2
DA:34,1
DA:35,1
DA:36,1
DA:38,2
DA:40,1
DA:41,1
DA:42,1
DA:43,0
DA:44,1
DA:45,1
DA:48,1
DA:49,3
DA:50,3
DA:52,1
DA:53,1
DA:54,1
DA:55,1
LF:31
LH:30
end_of_record
TN:
SF:lib/view/molecule/post_molecule.dart
FNF:0
FNH:0
DA:16,2
DA:18,2
DA:20,4
DA:22,4
DA:23,4
DA:25,2
DA:26,3
DA:27,2
DA:29,4
DA:30,2
DA:31,4
DA:32,2
DA:34,2
DA:35,2
DA:37,2
DA:38,2
DA:39,2
DA:40,2
DA:41,2
DA:42,4
DA:43,2
DA:47,4
DA:48,2
DA:51,2
DA:52,4
DA:56,4
DA:57,2
DA:58,4
DA:59,2
LF:29
LH:29
end_of_record
TN:
SF:lib/view/page/account_page.dart
FNF:0
FNH:0
DA:16,24
DA:18,0
DA:19,0
DA:25,0
DA:27,0
DA:29,0
DA:31,0
DA:33,0
DA:34,0
DA:35,0
DA:36,0
DA:37,0
DA:38,0
DA:39,0
DA:40,0
DA:41,0
DA:42,0
DA:43,0
DA:45,0
DA:46,0
DA:47,0
DA:48,0
DA:51,0
DA:52,0
DA:53,0
DA:54,0
DA:57,0
DA:58,0
DA:59,0
DA:60,0
DA:61,0
DA:62,0
DA:63,0
DA:66,0
DA:67,0
DA:68,0
DA:69,0
DA:70,0
DA:71,0
DA:73,0
DA:80,0
DA:81,0
DA:83,0
DA:84,0
DA:85,0
DA:86,0
LF:46
LH:1
end_of_record
TN:
SF:lib/view/page/album_detail_page.dart
FNF:0
FNH:0
DA:22,0
DA:24,0
DA:25,0
DA:32,0
DA:34,0
DA:35,0
DA:38,0
DA:40,0
DA:41,0
DA:43,0
DA:44,0
DA:46,0
DA:47,0
DA:48,0
DA:49,0
DA:50,0
DA:51,0
DA:52,0
DA:53,0
DA:54,0
DA:55,0
DA:56,0
DA:57,0
DA:59,0
DA:60,0
DA:62,0
DA:63,0
DA:64,0
DA:65,0
DA:66,0
DA:67,0
DA:68,0
DA:72,0
DA:73,0
DA:76,0
DA:77,0
DA:81,0
DA:82,0
DA:83,0
DA:86,0
DA:88,0
DA:89,0
DA:90,0
DA:92,0
DA:93,0
DA:94,0
LF:46
LH:0
end_of_record
TN:
SF:lib/view/page/favorite_page.dart
FNF:0
FNH:0
DA:11,24
DA:13,0
DA:14,0
DA:29,0
DA:31,0
DA:32,0
DA:34,0
DA:35,0
DA:36,0
DA:37,0
DA:38,0
DA:40,0
DA:41,0
DA:42,0
DA:43,0
DA:45,0
DA:46,0
DA:47,0
DA:48,0
LF:19
LH:1
end_of_record
TN:
SF:lib/view/page/login_page.dart
FNF:0
FNH:0
DA:18,24
DA:20,0
DA:21,0
DA:29,0
DA:31,0
DA:32,0
DA:35,0
DA:37,0
DA:39,0
DA:40,0
DA:41,0
DA:42,0
DA:43,0
DA:44,0
DA:49,0
DA:50,0
DA:51,0
DA:53,0
DA:54,0
DA:57,0
DA:58,0
DA:60,0
DA:61,0
DA:62,0
DA:65,0
DA:66,0
DA:67,0
DA:68,0
DA:69,0
DA:70,0
DA:71,0
DA:73,0
DA:74,0
DA:75,0
DA:76,0
DA:77,0
DA:79,0
DA:80,0
DA:82,0
DA:83,0
DA:85,0
DA:86,0
DA:87,0
DA:90,0
DA:91,0
DA:93,0
DA:95,0
DA:97,0
DA:98,0
DA:99,0
DA:101,0
DA:102,0
DA:103,0
DA:104,0
DA:106,0
DA:110,0
DA:111,0
DA:112,0
DA:113,0
DA:115,0
DA:117,0
DA:118,0
DA:120,0
DA:121,0
DA:122,0
DA:123,0
DA:125,0
DA:126,0
DA:127,0
DA:128,0
LF:70
LH:1
end_of_record
TN:
SF:lib/view/page/main_page.dart
FNF:0
FNH:0
DA:22,24
DA:24,0
DA:25,0
DA:55,0
DA:57,0
DA:58,0
DA:59,0
DA:62,0
DA:64,0
DA:65,0
DA:66,0
DA:67,0
DA:68,0
DA:69,0
DA:70,0
DA:71,0
DA:72,0
DA:73,0
DA:74,0
DA:75,0
DA:76,0
DA:78,0
DA:79,0
DA:80,0
DA:86,0
DA:87,0
DA:88,0
DA:89,0
DA:90,0
DA:91,0
DA:92,0
DA:93,0
DA:94,0
DA:100,0
DA:101,0
DA:102,0
DA:104,0
DA:108,0
DA:111,0
DA:112,0
DA:115,0
DA:116,0
DA:117,0
DA:118,0
DA:119,0
DA:121,0
DA:122,0
DA:123,0
DA:124,0
DA:125,0
DA:129,0
LF:51
LH:1
end_of_record
TN:
SF:lib/view/page/post_detail_page.dart
FNF:0
FNH:0
DA:21,1
DA:23,1
DA:24,1
DA:31,1
DA:33,1
DA:34,5
DA:37,1
DA:39,1
DA:40,1
DA:42,2
DA:43,3
DA:45,1
DA:46,6
DA:47,1
DA:48,1
DA:49,1
DA:50,1
DA:51,2
DA:52,2
DA:53,0
DA:54,1
DA:55,1
DA:57,1
DA:58,1
DA:59,1
DA:60,1
DA:61,1
DA:62,1
DA:64,1
DA:65,1
DA:66,1
DA:67,1
DA:68,1
DA:69,3
DA:70,1
DA:74,2
DA:75,1
DA:78,1
DA:79,6
DA:83,2
DA:84,1
DA:85,3
DA:86,1
DA:92,1
DA:93,1
DA:94,1
DA:95,1
DA:96,1
DA:99,1
DA:100,1
DA:101,2
DA:102,3
DA:103,0
DA:104,0
DA:105,0
DA:106,0
DA:107,0
DA:112,1
DA:115,3
DA:116,3
DA:117,1
DA:118,1
DA:119,4
LF:63
LH:57
end_of_record
